npm ERR! Missing script: "start"
npm ERR! 
npm ERR! Did you mean one of these?
npm ERR!     npm star # Mark your favorite packages
npm ERR!     npm stars # View packages marked as favorites
npm ERR! 
npm ERR! To see a list of scripts, run:
npm ERR!   npm run

npm ERR! A complete log of this run can be found in:
npm ERR!     /root/.npm/_logs/2023-02-02T12_32_22_922Z-debug-0.log
npm ERR! Missing script: "stop"
npm ERR! 
npm ERR! To see a list of scripts, run:
npm ERR!   npm run

npm ERR! A complete log of this run can be found in:
npm ERR!     /root/.npm/_logs/2023-02-02T12_33_44_902Z-debug-0.log
npm ERR! Missing script: "start"
npm ERR! 
npm ERR! Did you mean one of these?
npm ERR!     npm star # Mark your favorite packages
npm ERR!     npm stars # View packages marked as favorites
npm ERR! 
npm ERR! To see a list of scripts, run:
npm ERR!   npm run

npm ERR! A complete log of this run can be found in:
npm ERR!     /root/.npm/_logs/2023-02-02T12_37_17_604Z-debug-0.log
Script started, file is typescript
Script done, file is typescript
npm ERR! Missing script: "start"
npm ERR! 
npm ERR! Did you mean one of these?
npm ERR!     npm star # Mark your favorite packages
npm ERR!     npm stars # View packages marked as favorites
npm ERR! 
npm ERR! To see a list of scripts, run:
npm ERR!   npm run

npm ERR! A complete log of this run can be found in:
npm ERR!     /root/.npm/_logs/2023-02-02T12_39_33_753Z-debug-0.log

> dev
> vite


  VITE v4.0.4  ready in 690 ms

  ➜  Local:   http://localhost:5173/
  ➜  Network: use --host to expose

  LARAVEL v9.49.0  plugin v0.7.3

  ➜  APP_URL: http://localhost
3:23:04 AM [vite] page reload routes/channels.php
3:23:04 AM [vite] page reload routes/web.php
Killed
npm ERR! Missing script: "stop"
npm ERR! 
npm ERR! To see a list of scripts, run:
npm ERR!   npm run

npm ERR! A complete log of this run can be found in:
npm ERR!     /root/.npm/_logs/2023-02-03T14_44_10_783Z-debug-0.log
npm ERR! Missing script: "start"
npm ERR! 
npm ERR! Did you mean one of these?
npm ERR!     npm star # Mark your favorite packages
npm ERR!     npm stars # View packages marked as favorites
npm ERR! 
npm ERR! To see a list of scripts, run:
npm ERR!   npm run

npm ERR! A complete log of this run can be found in:
npm ERR!     /root/.npm/_logs/2023-02-03T14_44_20_000Z-debug-0.log
npm ERR! Missing script: "start"
npm ERR! 
npm ERR! Did you mean one of these?
npm ERR!     npm star # Mark your favorite packages
npm ERR!     npm stars # View packages marked as favorites
npm ERR! 
npm ERR! To see a list of scripts, run:
npm ERR!   npm run

npm ERR! A complete log of this run can be found in:
npm ERR!     /root/.npm/_logs/2023-02-03T14_54_31_019Z-debug-0.log
npm ERR! Missing script: "start"
npm ERR! 
npm ERR! Did you mean one of these?
npm ERR!     npm star # Mark your favorite packages
npm ERR!     npm stars # View packages marked as favorites
npm ERR! 
npm ERR! To see a list of scripts, run:
npm ERR!   npm run

npm ERR! A complete log of this run can be found in:
npm ERR!     /root/.npm/_logs/2023-02-03T14_54_37_581Z-debug-0.log
npm ERR! Missing script: "start"
npm ERR! 
npm ERR! Did you mean one of these?
npm ERR!     npm star # Mark your favorite packages
npm ERR!     npm stars # View packages marked as favorites
npm ERR! 
npm ERR! To see a list of scripts, run:
npm ERR!   npm run

npm ERR! A complete log of this run can be found in:
npm ERR!     /root/.npm/_logs/2023-02-03T14_55_04_250Z-debug-0.log
npm ERR! Missing script: "start"
npm ERR! 
npm ERR! Did you mean one of these?
npm ERR!     npm star # Mark your favorite packages
npm ERR!     npm stars # View packages marked as favorites
npm ERR! 
npm ERR! To see a list of scripts, run:
npm ERR!   npm run

npm ERR! A complete log of this run can be found in:
npm ERR!     /root/.npm/_logs/2023-02-03T14_55_11_509Z-debug-0.log
npm ERR! Missing script: "start"
npm ERR! 
npm ERR! Did you mean one of these?
npm ERR!     npm star # Mark your favorite packages
npm ERR!     npm stars # View packages marked as favorites
npm ERR! 
npm ERR! To see a list of scripts, run:
npm ERR!   npm run

npm ERR! A complete log of this run can be found in:
npm ERR!     /root/.npm/_logs/2023-02-03T14_57_26_189Z-debug-0.log
npm ERR! Missing script: "start"
npm ERR! 
npm ERR! Did you mean one of these?
npm ERR!     npm star # Mark your favorite packages
npm ERR!     npm stars # View packages marked as favorites
npm ERR! 
npm ERR! To see a list of scripts, run:
npm ERR!   npm run

npm ERR! A complete log of this run can be found in:
npm ERR!     /root/.npm/_logs/2023-02-03T14_58_24_286Z-debug-0.log
npm ERR! Missing script: "start"
npm ERR! 
npm ERR! Did you mean one of these?
npm ERR!     npm star # Mark your favorite packages
npm ERR!     npm stars # View packages marked as favorites
npm ERR! 
npm ERR! To see a list of scripts, run:
npm ERR!   npm run

npm ERR! A complete log of this run can be found in:
npm ERR!     /root/.npm/_logs/2023-02-03T14_58_35_928Z-debug-0.log
npm ERR! Missing script: "start"
npm ERR! 
npm ERR! Did you mean one of these?
npm ERR!     npm star # Mark your favorite packages
npm ERR!     npm stars # View packages marked as favorites
npm ERR! 
npm ERR! To see a list of scripts, run:
npm ERR!   npm run

npm ERR! A complete log of this run can be found in:
npm ERR!     /root/.npm/_logs/2023-02-03T14_58_59_585Z-debug-0.log
npm ERR! Missing script: "start"
npm ERR! 
npm ERR! Did you mean one of these?
npm ERR!     npm star # Mark your favorite packages
npm ERR!     npm stars # View packages marked as favorites
npm ERR! 
npm ERR! To see a list of scripts, run:
npm ERR!   npm run

npm ERR! A complete log of this run can be found in:
npm ERR!     /root/.npm/_logs/2023-02-03T14_59_21_418Z-debug-0.log
npm ERR! Missing script: "start"
npm ERR! 
npm ERR! Did you mean one of these?
npm ERR!     npm star # Mark your favorite packages
npm ERR!     npm stars # View packages marked as favorites
npm ERR! 
npm ERR! To see a list of scripts, run:
npm ERR!   npm run

npm ERR! A complete log of this run can be found in:
npm ERR!     /root/.npm/_logs/2023-02-03T14_59_31_153Z-debug-0.log
npm ERR! Missing script: "start"
npm ERR! 
npm ERR! Did you mean one of these?
npm ERR!     npm star # Mark your favorite packages
npm ERR!     npm stars # View packages marked as favorites
npm ERR! 
npm ERR! To see a list of scripts, run:
npm ERR!   npm run

npm ERR! A complete log of this run can be found in:
npm ERR!     /root/.npm/_logs/2023-02-03T15_00_28_610Z-debug-0.log
npm ERR! Missing script: "start"
npm ERR! 
npm ERR! Did you mean one of these?
npm ERR!     npm star # Mark your favorite packages
npm ERR!     npm stars # View packages marked as favorites
npm ERR! 
npm ERR! To see a list of scripts, run:
npm ERR!   npm run

npm ERR! A complete log of this run can be found in:
npm ERR!     /root/.npm/_logs/2023-02-03T15_01_05_972Z-debug-0.log
npm ERR! Missing script: "start"
npm ERR! 
npm ERR! Did you mean one of these?
npm ERR!     npm star # Mark your favorite packages
npm ERR!     npm stars # View packages marked as favorites
npm ERR! 
npm ERR! To see a list of scripts, run:
npm ERR!   npm run

npm ERR! A complete log of this run can be found in:
npm ERR!     /root/.npm/_logs/2023-02-03T15_03_03_996Z-debug-0.log
npm ERR! Missing script: "start"
npm ERR! 
npm ERR! Did you mean one of these?
npm ERR!     npm star # Mark your favorite packages
npm ERR!     npm stars # View packages marked as favorites
npm ERR! 
npm ERR! To see a list of scripts, run:
npm ERR!   npm run

npm ERR! A complete log of this run can be found in:
npm ERR!     /root/.npm/_logs/2023-02-03T15_07_33_662Z-debug-0.log
npm ERR! Missing script: "start"
npm ERR! 
npm ERR! Did you mean one of these?
npm ERR!     npm star # Mark your favorite packages
npm ERR!     npm stars # View packages marked as favorites
npm ERR! 
npm ERR! To see a list of scripts, run:
npm ERR!   npm run

npm ERR! A complete log of this run can be found in:
npm ERR!     /root/.npm/_logs/2023-02-03T15_14_33_054Z-debug-0.log
npm ERR! Missing script: "start"
npm ERR! 
npm ERR! Did you mean one of these?
npm ERR!     npm star # Mark your favorite packages
npm ERR!     npm stars # View packages marked as favorites
npm ERR! 
npm ERR! To see a list of scripts, run:
npm ERR!   npm run

npm ERR! A complete log of this run can be found in:
npm ERR!     /root/.npm/_logs/2023-02-03T15_14_52_429Z-debug-0.log
npm ERR! Missing script: "start"
npm ERR! 
npm ERR! Did you mean one of these?
npm ERR!     npm star # Mark your favorite packages
npm ERR!     npm stars # View packages marked as favorites
npm ERR! 
npm ERR! To see a list of scripts, run:
npm ERR!   npm run

npm ERR! A complete log of this run can be found in:
npm ERR!     /root/.npm/_logs/2023-02-03T15_16_06_176Z-debug-0.log
npm ERR! Missing script: "stop"
npm ERR! 
npm ERR! To see a list of scripts, run:
npm ERR!   npm run

npm ERR! A complete log of this run can be found in:
npm ERR!     /root/.npm/_logs/2023-02-03T15_16_15_843Z-debug-0.log
npm ERR! Missing script: "start"
npm ERR! 
npm ERR! Did you mean one of these?
npm ERR!     npm star # Mark your favorite packages
npm ERR!     npm stars # View packages marked as favorites
npm ERR! 
npm ERR! To see a list of scripts, run:
npm ERR!   npm run

npm ERR! A complete log of this run can be found in:
npm ERR!     /root/.npm/_logs/2023-02-03T15_17_49_400Z-debug-0.log
npm ERR! Missing script: "start"
npm ERR! 
npm ERR! Did you mean one of these?
npm ERR!     npm star # Mark your favorite packages
npm ERR!     npm stars # View packages marked as favorites
npm ERR! 
npm ERR! To see a list of scripts, run:
npm ERR!   npm run

npm ERR! A complete log of this run can be found in:
npm ERR!     /root/.npm/_logs/2023-02-03T15_17_56_096Z-debug-0.log
npm ERR! Missing script: "start"
npm ERR! 
npm ERR! Did you mean one of these?
npm ERR!     npm star # Mark your favorite packages
npm ERR!     npm stars # View packages marked as favorites
npm ERR! 
npm ERR! To see a list of scripts, run:
npm ERR!   npm run

npm ERR! A complete log of this run can be found in:
npm ERR!     /root/.npm/_logs/2023-02-03T15_17_56_874Z-debug-0.log
npm ERR! Missing script: "start"
npm ERR! 
npm ERR! Did you mean one of these?
npm ERR!     npm star # Mark your favorite packages
npm ERR!     npm stars # View packages marked as favorites
npm ERR! 
npm ERR! To see a list of scripts, run:
npm ERR!   npm run

npm ERR! A complete log of this run can be found in:
npm ERR!     /root/.npm/_logs/2023-02-03T15_17_57_383Z-debug-0.log
npm ERR! Missing script: "start"
npm ERR! 
npm ERR! Did you mean one of these?
npm ERR!     npm star # Mark your favorite packages
npm ERR!     npm stars # View packages marked as favorites
npm ERR! 
npm ERR! To see a list of scripts, run:
npm ERR!   npm run

npm ERR! A complete log of this run can be found in:
npm ERR!     /root/.npm/_logs/2023-02-03T15_17_58_243Z-debug-0.log
npm ERR! Missing script: "start"
npm ERR! 
npm ERR! Did you mean one of these?
npm ERR!     npm star # Mark your favorite packages
npm ERR!     npm stars # View packages marked as favorites
npm ERR! 
npm ERR! To see a list of scripts, run:
npm ERR!   npm run

npm ERR! A complete log of this run can be found in:
npm ERR!     /root/.npm/_logs/2023-02-03T15_17_58_857Z-debug-0.log
npm ERR! Missing script: "start"
npm ERR! 
npm ERR! Did you mean one of these?
npm ERR!     npm star # Mark your favorite packages
npm ERR!     npm stars # View packages marked as favorites
npm ERR! 
npm ERR! To see a list of scripts, run:
npm ERR!   npm run

npm ERR! A complete log of this run can be found in:
npm ERR!     /root/.npm/_logs/2023-02-04T12_48_53_619Z-debug-0.log
npm ERR! Missing script: "start"
npm ERR! 
npm ERR! Did you mean one of these?
npm ERR!     npm star # Mark your favorite packages
npm ERR!     npm stars # View packages marked as favorites
npm ERR! 
npm ERR! To see a list of scripts, run:
npm ERR!   npm run

npm ERR! A complete log of this run can be found in:
npm ERR!     /root/.npm/_logs/2023-02-04T12_49_19_553Z-debug-0.log
